Using pre-set license
Built from '2021.3/staging' branch; Version is '2021.3.2f1 (d6360bedb9a0) revision 14038539'; Using compiler version '192829333'; Build Type 'Release'
OS: 'Windows 10  (10.0.19044) 64bit Professional' Language: 'es' Physical Memory: 16235 MB
BatchMode: 1, IsHumanControllingUs: 0, StartBugReporterOnCrash: 0, Is64bit: 1, IsPro: 1

COMMAND LINE ARGUMENTS:
C:\Program Files\Unity\Hub\Editor\2021.3.2f1\Editor\Unity.exe
-adb2
-batchMode
-noUpm
-name
AssetImportWorker2
-projectPath
C:/Users/Salvi/Documents/GitHub/TareaAA3_SunnyLand/SunnyLandProject
-logFile
Logs/AssetImportWorker2.log
-srvPort
55238
Successfully changed project path to: C:/Users/Salvi/Documents/GitHub/TareaAA3_SunnyLand/SunnyLandProject
C:/Users/Salvi/Documents/GitHub/TareaAA3_SunnyLand/SunnyLandProject
[UnityMemory] Configuration Parameters - Can be set up in boot.config
    "memorysetup-bucket-allocator-granularity=16"
    "memorysetup-bucket-allocator-bucket-count=8"
    "memorysetup-bucket-allocator-block-size=33554432"
    "memorysetup-bucket-allocator-block-count=8"
    "memorysetup-main-allocator-block-size=16777216"
    "memorysetup-thread-allocator-block-size=16777216"
    "memorysetup-gfx-main-allocator-block-size=16777216"
    "memorysetup-gfx-thread-allocator-block-size=16777216"
    "memorysetup-cache-allocator-block-size=4194304"
    "memorysetup-typetree-allocator-block-size=2097152"
    "memorysetup-profiler-bucket-allocator-granularity=16"
    "memorysetup-profiler-bucket-allocator-bucket-count=8"
    "memorysetup-profiler-bucket-allocator-block-size=33554432"
    "memorysetup-profiler-bucket-allocator-block-count=8"
    "memorysetup-profiler-allocator-block-size=16777216"
    "memorysetup-profiler-editor-allocator-block-size=1048576"
    "memorysetup-temp-allocator-size-main=16777216"
    "memorysetup-job-temp-allocator-block-size=2097152"
    "memorysetup-job-temp-allocator-block-size-background=1048576"
    "memorysetup-job-temp-allocator-reduction-small-platforms=262144"
    "memorysetup-temp-allocator-size-background-worker=32768"
    "memorysetup-temp-allocator-size-job-worker=262144"
    "memorysetup-temp-allocator-size-preload-manager=33554432"
    "memorysetup-temp-allocator-size-nav-mesh-worker=65536"
    "memorysetup-temp-allocator-size-audio-worker=65536"
    "memorysetup-temp-allocator-size-cloud-worker=32768"
    "memorysetup-temp-allocator-size-gi-baking-worker=262144"
    "memorysetup-temp-allocator-size-gfx=262144"
Refreshing native plugins compatible for Editor in 72.59 ms, found 2 plugins.
Preloading 0 native plugins for Editor in 0.00 ms.
Initialize engine version: 2021.3.2f1 (d6360bedb9a0)
[Subsystems] Discovering subsystems at path C:/Program Files/Unity/Hub/Editor/2021.3.2f1/Editor/Data/Resources/UnitySubsystems
[Subsystems] Discovering subsystems at path C:/Users/Salvi/Documents/GitHub/TareaAA3_SunnyLand/SunnyLandProject/Assets
GfxDevice: creating device client; threaded=0; jobified=0
Direct3D:
    Version:  Direct3D 11.0 [level 11.1]
    Renderer: NVIDIA GeForce GTX 1650 (ID=0x1f91)
    Vendor:   NVIDIA
    VRAM:     3962 MB
    Driver:   30.0.15.1179
Initialize mono
Mono path[0] = 'C:/Program Files/Unity/Hub/Editor/2021.3.2f1/Editor/Data/Managed'
Mono path[1] = 'C:/Program Files/Unity/Hub/Editor/2021.3.2f1/Editor/Data/MonoBleedingEdge/lib/mono/unityjit-win32'
Mono config path = 'C:/Program Files/Unity/Hub/Editor/2021.3.2f1/Editor/Data/MonoBleedingEdge/etc'
Using monoOptions --debugger-agent=transport=dt_socket,embedding=1,server=y,suspend=n,address=127.0.0.1:56248
Begin MonoManager ReloadAssembly
Registering precompiled unity dll's ...
Register platform support module: C:/Program Files/Unity/Hub/Editor/2021.3.2f1/Editor/Data/PlaybackEngines/WebGLSupport/UnityEditor.WebGL.Extensions.dll
Register platform support module: C:/Program Files/Unity/Hub/Editor/2021.3.2f1/Editor/Data/PlaybackEngines/WindowsStandaloneSupport/UnityEditor.WindowsStandalone.Extensions.dll
Registered in 0.012576 seconds.
Native extension for WindowsStandalone target not found
Native extension for WebGL target not found
Refreshing native plugins compatible for Editor in 52.13 ms, found 2 plugins.
Preloading 0 native plugins for Editor in 0.00 ms.
Mono: successfully reloaded assembly
- Completed reload, in  0.931 seconds
Domain Reload Profiling:
	ReloadAssembly (932ms)
		BeginReloadAssembly (108ms)
			ExecutionOrderSort (0ms)
			DisableScriptedObjects (0ms)
			BackupInstance (0ms)
			ReleaseScriptingObjects (0ms)
			CreateAndSetChildDomain (1ms)
		EndReloadAssembly (656ms)
			LoadAssemblies (106ms)
			RebuildTransferFunctionScriptingTraits (0ms)
			SetupTypeCache (158ms)
			ReleaseScriptCaches (0ms)
			RebuildScriptCaches (43ms)
			SetupLoadedEditorAssemblies (376ms)
				LogAssemblyErrors (0ms)
				InitializePlatformSupportModulesInManaged (12ms)
				SetLoadedEditorAssemblies (0ms)
				RefreshPlugins (52ms)
				BeforeProcessingInitializeOnLoad (1ms)
				ProcessInitializeOnLoadAttributes (247ms)
				ProcessInitializeOnLoadMethodAttributes (63ms)
				AfterProcessingInitializeOnLoad (0ms)
				EditorAssembliesLoaded (0ms)
			ExecutionOrderSort2 (0ms)
			AwakeInstancesAfterBackupRestoration (0ms)
Platform modules already initialized, skipping
Registering precompiled user dll's ...
Registered in 0.009807 seconds.
Begin MonoManager ReloadAssembly
Native extension for WindowsStandalone target not found
Native extension for WebGL target not found
Refreshing native plugins compatible for Editor in 0.63 ms, found 2 plugins.
Preloading 0 native plugins for Editor in 0.00 ms.
Mono: successfully reloaded assembly
- Completed reload, in  1.380 seconds
Domain Reload Profiling:
	ReloadAssembly (1381ms)
		BeginReloadAssembly (161ms)
			ExecutionOrderSort (0ms)
			DisableScriptedObjects (8ms)
			BackupInstance (0ms)
			ReleaseScriptingObjects (0ms)
			CreateAndSetChildDomain (27ms)
		EndReloadAssembly (1050ms)
			LoadAssemblies (116ms)
			RebuildTransferFunctionScriptingTraits (0ms)
			SetupTypeCache (265ms)
			ReleaseScriptCaches (1ms)
			RebuildScriptCaches (81ms)
			SetupLoadedEditorAssemblies (522ms)
				LogAssemblyErrors (0ms)
				InitializePlatformSupportModulesInManaged (10ms)
				SetLoadedEditorAssemblies (1ms)
				RefreshPlugins (1ms)
				BeforeProcessingInitializeOnLoad (115ms)
				ProcessInitializeOnLoadAttributes (329ms)
				ProcessInitializeOnLoadMethodAttributes (54ms)
				AfterProcessingInitializeOnLoad (12ms)
				EditorAssembliesLoaded (0ms)
			ExecutionOrderSort2 (0ms)
			AwakeInstancesAfterBackupRestoration (9ms)
Platform modules already initialized, skipping
========================================================================
Worker process is ready to serve import requests
Launched and connected shader compiler UnityShaderCompiler.exe after 0.12 seconds
Refreshing native plugins compatible for Editor in 0.98 ms, found 2 plugins.
Preloading 0 native plugins for Editor in 0.00 ms.
Unloading 1982 Unused Serialized files (Serialized files now loaded: 0)
Unloading 50 unused Assets / (55.6 KB). Loaded Objects now: 2424.
Memory consumption went from 80.4 MB to 80.4 MB.
Total: 5.304100 ms (FindLiveObjects: 0.270900 ms CreateObjectMapping: 0.102000 ms MarkObjects: 4.813800 ms  DeleteObjects: 0.116300 ms)

AssetImportParameters requested are different than current active one (requested -> active):
  custom:video-decoder-ogg-theora: a1e56fd34408186e4bbccfd4996cb3dc -> 
  custom:container-muxer-webm: aa71ff27fc2769a1b78a27578f13a17b -> 
  custom:container-demuxer-webm: 4f35f7cbe854078d1ac9338744f61a02 -> 
  custom:video-encoder-webm-vp8: eb34c28f22e8b96e1ab97ce403110664 -> 
  custom:audio-encoder-webm-vorbis: bf7c407c2cedff20999df2af8eb42d56 -> 
  custom:framework-win-MediaFoundation: 216162199b28c13a410421893ffa2e32 -> 
  custom:container-demuxer-ogg: 62fdf1f143b41e24485cea50d1cbac27 -> 
  custom:video-decoder-webm-vp8: 9c59270c3fd7afecdb556c50c9e8de78 -> 
  custom:audio-decoder-ogg-vorbis: bf7c407c2cedff20999df2af8eb42d56 -> 
========================================================================
Received Import Request.
  Time since last request: 131633.007821 seconds.
  path: Assets/Scenes/Main.unity
  artifactKey: Guid(548efbe8196c7bb41a94d25d70cf82e6) Importer(815301076,1909f56bfc062723c751e8b465ee728b)
Start importing Assets/Scenes/Main.unity using Guid(548efbe8196c7bb41a94d25d70cf82e6) Importer(815301076,1909f56bfc062723c751e8b465ee728b)  -> (artifact id: 'ed26b784c0189b566f06ef7be120a72d') in 0.018417 seconds 
========================================================================
Received Prepare
Registering precompiled user dll's ...
Registered in 0.012388 seconds.
Begin MonoManager ReloadAssembly
Native extension for WindowsStandalone target not found
Native extension for WebGL target not found
Refreshing native plugins compatible for Editor in 2.12 ms, found 2 plugins.
Preloading 0 native plugins for Editor in 0.00 ms.
Mono: successfully reloaded assembly
- Completed reload, in  2.486 seconds
Domain Reload Profiling:
	ReloadAssembly (2488ms)
		BeginReloadAssembly (310ms)
			ExecutionOrderSort (0ms)
			DisableScriptedObjects (26ms)
			BackupInstance (0ms)
			ReleaseScriptingObjects (0ms)
			CreateAndSetChildDomain (69ms)
		EndReloadAssembly (1921ms)
			LoadAssemblies (204ms)
			RebuildTransferFunctionScriptingTraits (0ms)
			SetupTypeCache (484ms)
			ReleaseScriptCaches (2ms)
			RebuildScriptCaches (110ms)
			SetupLoadedEditorAssemblies (933ms)
				LogAssemblyErrors (0ms)
				InitializePlatformSupportModulesInManaged (46ms)
				SetLoadedEditorAssemblies (1ms)
				RefreshPlugins (2ms)
				BeforeProcessingInitializeOnLoad (176ms)
				ProcessInitializeOnLoadAttributes (578ms)
				ProcessInitializeOnLoadMethodAttributes (102ms)
				AfterProcessingInitializeOnLoad (27ms)
				EditorAssembliesLoaded (1ms)
			ExecutionOrderSort2 (0ms)
			AwakeInstancesAfterBackupRestoration (21ms)
Platform modules already initialized, skipping
Refreshing native plugins compatible for Editor in 11.42 ms, found 2 plugins.
Preloading 0 native plugins for Editor in 0.00 ms.
Unloading 1976 Unused Serialized files (Serialized files now loaded: 0)
Unloading 39 unused Assets / (24.6 KB). Loaded Objects now: 2427.
Memory consumption went from 80.2 MB to 80.2 MB.
Total: 7.670900 ms (FindLiveObjects: 0.458200 ms CreateObjectMapping: 0.437100 ms MarkObjects: 6.708300 ms  DeleteObjects: 0.065300 ms)

AssetImportParameters requested are different than current active one (requested -> active):
  custom:video-decoder-ogg-theora: a1e56fd34408186e4bbccfd4996cb3dc -> 
  custom:container-muxer-webm: aa71ff27fc2769a1b78a27578f13a17b -> 
  custom:container-demuxer-webm: 4f35f7cbe854078d1ac9338744f61a02 -> 
  custom:video-encoder-webm-vp8: eb34c28f22e8b96e1ab97ce403110664 -> 
  custom:audio-encoder-webm-vorbis: bf7c407c2cedff20999df2af8eb42d56 -> 
  custom:framework-win-MediaFoundation: 216162199b28c13a410421893ffa2e32 -> 
  custom:container-demuxer-ogg: 62fdf1f143b41e24485cea50d1cbac27 -> 
  custom:video-decoder-webm-vp8: 9c59270c3fd7afecdb556c50c9e8de78 -> 
  custom:audio-decoder-ogg-vorbis: bf7c407c2cedff20999df2af8eb42d56 -> 
========================================================================
Received Import Request.
  Time since last request: 26.530416 seconds.
  path: Assets/AUDIOS/New Folder
  artifactKey: Guid(f540711994d77b742bc719ad7f55e8df) Importer(815301076,1909f56bfc062723c751e8b465ee728b)
Start importing Assets/AUDIOS/New Folder using Guid(f540711994d77b742bc719ad7f55e8df) Importer(815301076,1909f56bfc062723c751e8b465ee728b)  -> (artifact id: '0cdeddaebdb614e8c6f3d630efda4c54') in 0.018560 seconds 
========================================================================
Received Import Request.
  Time since last request: 15.953142 seconds.
  path: Assets/AUDIOS/New Folder 1
  artifactKey: Guid(93dcacf5a21d0534b80a73da5ee7ecb5) Importer(815301076,1909f56bfc062723c751e8b465ee728b)
Start importing Assets/AUDIOS/New Folder 1 using Guid(93dcacf5a21d0534b80a73da5ee7ecb5) Importer(815301076,1909f56bfc062723c751e8b465ee728b)  -> (artifact id: '551d9c24b408009e5ae5aca43e507ffe') in 0.013552 seconds 
========================================================================
Received Import Request.
  Time since last request: 8.885342 seconds.
  path: Assets/AUDIOS/New Folder 2
  artifactKey: Guid(8ec562b8a29dbf049821a7ed2bdd9a6b) Importer(815301076,1909f56bfc062723c751e8b465ee728b)
Start importing Assets/AUDIOS/New Folder 2 using Guid(8ec562b8a29dbf049821a7ed2bdd9a6b) Importer(815301076,1909f56bfc062723c751e8b465ee728b)  -> (artifact id: 'ba92d250cf2344205b74285caefd99f1') in 0.014777 seconds 
========================================================================
Received Import Request.
  Time since last request: 9.058694 seconds.
  path: Assets/AUDIOS/PLAYER
  artifactKey: Guid(f540711994d77b742bc719ad7f55e8df) Importer(815301076,1909f56bfc062723c751e8b465ee728b)
Start importing Assets/AUDIOS/PLAYER using Guid(f540711994d77b742bc719ad7f55e8df) Importer(815301076,1909f56bfc062723c751e8b465ee728b)  -> (artifact id: 'd368a67ad29239a0c48c8db0bf6c45ef') in 0.015611 seconds 
========================================================================
Received Import Request.
  Time since last request: 5.845508 seconds.
  path: Assets/AUDIOS/OBJECT
  artifactKey: Guid(8ec562b8a29dbf049821a7ed2bdd9a6b) Importer(815301076,1909f56bfc062723c751e8b465ee728b)
Start importing Assets/AUDIOS/OBJECT using Guid(8ec562b8a29dbf049821a7ed2bdd9a6b) Importer(815301076,1909f56bfc062723c751e8b465ee728b)  -> (artifact id: '7ade14100a239a2cec883e142b387bda') in 0.016632 seconds 
========================================================================
Received Import Request.
  Time since last request: 13.185662 seconds.
  path: Assets/AUDIOS/BACKGROUND
  artifactKey: Guid(93dcacf5a21d0534b80a73da5ee7ecb5) Importer(815301076,1909f56bfc062723c751e8b465ee728b)
Start importing Assets/AUDIOS/BACKGROUND using Guid(93dcacf5a21d0534b80a73da5ee7ecb5) Importer(815301076,1909f56bfc062723c751e8b465ee728b)  -> (artifact id: 'e5c4848dd041355dc3aa1f24b1a59373') in 0.017899 seconds 
========================================================================
Received Prepare
Registering precompiled user dll's ...
Registered in 0.004883 seconds.
Begin MonoManager ReloadAssembly
Native extension for WindowsStandalone target not found
Native extension for WebGL target not found
Refreshing native plugins compatible for Editor in 0.66 ms, found 2 plugins.
Preloading 0 native plugins for Editor in 0.00 ms.
Mono: successfully reloaded assembly
- Completed reload, in  1.018 seconds
Domain Reload Profiling:
	ReloadAssembly (1019ms)
		BeginReloadAssembly (123ms)
			ExecutionOrderSort (0ms)
			DisableScriptedObjects (7ms)
			BackupInstance (0ms)
			ReleaseScriptingObjects (0ms)
			CreateAndSetChildDomain (32ms)
		EndReloadAssembly (791ms)
			LoadAssemblies (77ms)
			RebuildTransferFunctionScriptingTraits (0ms)
			SetupTypeCache (185ms)
			ReleaseScriptCaches (1ms)
			RebuildScriptCaches (39ms)
			SetupLoadedEditorAssemblies (421ms)
				LogAssemblyErrors (0ms)
				InitializePlatformSupportModulesInManaged (23ms)
				SetLoadedEditorAssemblies (0ms)
				RefreshPlugins (1ms)
				BeforeProcessingInitializeOnLoad (76ms)
				ProcessInitializeOnLoadAttributes (264ms)
				ProcessInitializeOnLoadMethodAttributes (45ms)
				AfterProcessingInitializeOnLoad (12ms)
				EditorAssembliesLoaded (0ms)
			ExecutionOrderSort2 (0ms)
			AwakeInstancesAfterBackupRestoration (9ms)
Platform modules already initialized, skipping
Refreshing native plugins compatible for Editor in 3.72 ms, found 2 plugins.
Preloading 0 native plugins for Editor in 0.00 ms.
Unloading 1977 Unused Serialized files (Serialized files now loaded: 0)
Unloading 39 unused Assets / (24.6 KB). Loaded Objects now: 2431.
Memory consumption went from 80.2 MB to 80.2 MB.
Total: 2.827600 ms (FindLiveObjects: 0.149700 ms CreateObjectMapping: 0.064200 ms MarkObjects: 2.581400 ms  DeleteObjects: 0.031700 ms)

AssetImportParameters requested are different than current active one (requested -> active):
  custom:video-decoder-ogg-theora: a1e56fd34408186e4bbccfd4996cb3dc -> 
  custom:container-muxer-webm: aa71ff27fc2769a1b78a27578f13a17b -> 
  custom:container-demuxer-webm: 4f35f7cbe854078d1ac9338744f61a02 -> 
  custom:video-encoder-webm-vp8: eb34c28f22e8b96e1ab97ce403110664 -> 
  custom:audio-encoder-webm-vorbis: bf7c407c2cedff20999df2af8eb42d56 -> 
  custom:framework-win-MediaFoundation: 216162199b28c13a410421893ffa2e32 -> 
  custom:container-demuxer-ogg: 62fdf1f143b41e24485cea50d1cbac27 -> 
  custom:video-decoder-webm-vp8: 9c59270c3fd7afecdb556c50c9e8de78 -> 
  custom:audio-decoder-ogg-vorbis: bf7c407c2cedff20999df2af8eb42d56 -> 
========================================================================
Received Prepare
Registering precompiled user dll's ...
Registered in 0.005923 seconds.
Begin MonoManager ReloadAssembly
Native extension for WindowsStandalone target not found
Native extension for WebGL target not found
Refreshing native plugins compatible for Editor in 1.31 ms, found 2 plugins.
Preloading 0 native plugins for Editor in 0.00 ms.
Mono: successfully reloaded assembly
- Completed reload, in  1.104 seconds
Domain Reload Profiling:
	ReloadAssembly (1105ms)
		BeginReloadAssembly (133ms)
			ExecutionOrderSort (0ms)
			DisableScriptedObjects (7ms)
			BackupInstance (0ms)
			ReleaseScriptingObjects (0ms)
			CreateAndSetChildDomain (32ms)
		EndReloadAssembly (868ms)
			LoadAssemblies (84ms)
			RebuildTransferFunctionScriptingTraits (0ms)
			SetupTypeCache (209ms)
			ReleaseScriptCaches (1ms)
			RebuildScriptCaches (36ms)
			SetupLoadedEditorAssemblies (481ms)
				LogAssemblyErrors (0ms)
				InitializePlatformSupportModulesInManaged (25ms)
				SetLoadedEditorAssemblies (1ms)
				RefreshPlugins (1ms)
				BeforeProcessingInitializeOnLoad (77ms)
				ProcessInitializeOnLoadAttributes (308ms)
				ProcessInitializeOnLoadMethodAttributes (56ms)
				AfterProcessingInitializeOnLoad (12ms)
				EditorAssembliesLoaded (0ms)
			ExecutionOrderSort2 (0ms)
			AwakeInstancesAfterBackupRestoration (11ms)
Platform modules already initialized, skipping
Refreshing native plugins compatible for Editor in 5.71 ms, found 2 plugins.
Preloading 0 native plugins for Editor in 0.00 ms.
Unloading 1977 Unused Serialized files (Serialized files now loaded: 0)
Unloading 39 unused Assets / (24.6 KB). Loaded Objects now: 2434.
Memory consumption went from 80.3 MB to 80.2 MB.
Total: 3.500500 ms (FindLiveObjects: 0.185900 ms CreateObjectMapping: 0.065000 ms MarkObjects: 3.222300 ms  DeleteObjects: 0.025200 ms)

AssetImportParameters requested are different than current active one (requested -> active):
  custom:video-decoder-ogg-theora: a1e56fd34408186e4bbccfd4996cb3dc -> 
  custom:container-muxer-webm: aa71ff27fc2769a1b78a27578f13a17b -> 
  custom:container-demuxer-webm: 4f35f7cbe854078d1ac9338744f61a02 -> 
  custom:video-encoder-webm-vp8: eb34c28f22e8b96e1ab97ce403110664 -> 
  custom:audio-encoder-webm-vorbis: bf7c407c2cedff20999df2af8eb42d56 -> 
  custom:framework-win-MediaFoundation: 216162199b28c13a410421893ffa2e32 -> 
  custom:container-demuxer-ogg: 62fdf1f143b41e24485cea50d1cbac27 -> 
  custom:video-decoder-webm-vp8: 9c59270c3fd7afecdb556c50c9e8de78 -> 
  custom:audio-decoder-ogg-vorbis: bf7c407c2cedff20999df2af8eb42d56 -> 
========================================================================
Received Import Request.
  Time since last request: 1803.269287 seconds.
  path: Assets/NewAudioMixer.mixer
  artifactKey: Guid(437d6a1c27a98ba48bfd4168d71b1acf) Importer(815301076,1909f56bfc062723c751e8b465ee728b)
Start importing Assets/NewAudioMixer.mixer using Guid(437d6a1c27a98ba48bfd4168d71b1acf) Importer(815301076,1909f56bfc062723c751e8b465ee728b)  -> (artifact id: '10867e2fe1484c857b80eae3628743c2') in 0.052312 seconds 
========================================================================
Received Import Request.
  Time since last request: 4.897984 seconds.
  path: Assets/NewAudioMixer.mixer
  artifactKey: Guid(437d6a1c27a98ba48bfd4168d71b1acf) Importer(815301076,1909f56bfc062723c751e8b465ee728b)
Start importing Assets/NewAudioMixer.mixer using Guid(437d6a1c27a98ba48bfd4168d71b1acf) Importer(815301076,1909f56bfc062723c751e8b465ee728b)  -> (artifact id: '0fee0ab88861578b81d08341951b8b10') in 0.002818 seconds 
========================================================================
Received Import Request.
  Time since last request: 7.992149 seconds.
  path: Assets/NewAudioMixer.mixer
  artifactKey: Guid(437d6a1c27a98ba48bfd4168d71b1acf) Importer(815301076,1909f56bfc062723c751e8b465ee728b)
Start importing Assets/NewAudioMixer.mixer using Guid(437d6a1c27a98ba48bfd4168d71b1acf) Importer(815301076,1909f56bfc062723c751e8b465ee728b)  -> (artifact id: '6e92edb135c2842c7c16cefac75ea859') in 0.004281 seconds 
========================================================================
Received Import Request.
  Time since last request: 3.758425 seconds.
  path: Assets/NewAudioMixer.mixer
  artifactKey: Guid(437d6a1c27a98ba48bfd4168d71b1acf) Importer(815301076,1909f56bfc062723c751e8b465ee728b)
Start importing Assets/NewAudioMixer.mixer using Guid(437d6a1c27a98ba48bfd4168d71b1acf) Importer(815301076,1909f56bfc062723c751e8b465ee728b)  -> (artifact id: '700b6e9c26d7cc953f8322c787c5f82d') in 0.007756 seconds 
========================================================================
Received Import Request.
  Time since last request: 3.375258 seconds.
  path: Assets/NewAudioMixer.mixer
  artifactKey: Guid(437d6a1c27a98ba48bfd4168d71b1acf) Importer(815301076,1909f56bfc062723c751e8b465ee728b)
Start importing Assets/NewAudioMixer.mixer using Guid(437d6a1c27a98ba48bfd4168d71b1acf) Importer(815301076,1909f56bfc062723c751e8b465ee728b)  -> (artifact id: '084f7f773ba08d2bf93e3dab618207b6') in 0.003701 seconds 
========================================================================
Received Import Request.
  Time since last request: 8.791829 seconds.
  path: Assets/NewAudioMixer.mixer
  artifactKey: Guid(437d6a1c27a98ba48bfd4168d71b1acf) Importer(815301076,1909f56bfc062723c751e8b465ee728b)
Start importing Assets/NewAudioMixer.mixer using Guid(437d6a1c27a98ba48bfd4168d71b1acf) Importer(815301076,1909f56bfc062723c751e8b465ee728b)  -> (artifact id: '15548a9161fbe1f0a76f167d5345ab1d') in 0.004380 seconds 
========================================================================
Received Import Request.
  Time since last request: 2.059112 seconds.
  path: Assets/NewAudioMixer.mixer
  artifactKey: Guid(437d6a1c27a98ba48bfd4168d71b1acf) Importer(815301076,1909f56bfc062723c751e8b465ee728b)
Start importing Assets/NewAudioMixer.mixer using Guid(437d6a1c27a98ba48bfd4168d71b1acf) Importer(815301076,1909f56bfc062723c751e8b465ee728b)  -> (artifact id: 'e686b0aac7991fd07be4f51e756e3a7a') in 0.002980 seconds 
========================================================================
Received Import Request.
  Time since last request: 12.430969 seconds.
  path: Assets/NewAudioMixer.mixer
  artifactKey: Guid(437d6a1c27a98ba48bfd4168d71b1acf) Importer(815301076,1909f56bfc062723c751e8b465ee728b)
Start importing Assets/NewAudioMixer.mixer using Guid(437d6a1c27a98ba48bfd4168d71b1acf) Importer(815301076,1909f56bfc062723c751e8b465ee728b)  -> (artifact id: '08fc652abf31e9785fcd7a0bb2cd2ce7') in 0.007929 seconds 
========================================================================
Received Import Request.
  Time since last request: 3.179678 seconds.
  path: Assets/NewAudioMixer.mixer
  artifactKey: Guid(437d6a1c27a98ba48bfd4168d71b1acf) Importer(815301076,1909f56bfc062723c751e8b465ee728b)
Start importing Assets/NewAudioMixer.mixer using Guid(437d6a1c27a98ba48bfd4168d71b1acf) Importer(815301076,1909f56bfc062723c751e8b465ee728b)  -> (artifact id: '9f08ed6050436d8bbf94647cdc8c8df8') in 0.003561 seconds 
========================================================================
Received Import Request.
  Time since last request: 3.032495 seconds.
  path: Assets/NewAudioMixer.mixer
  artifactKey: Guid(437d6a1c27a98ba48bfd4168d71b1acf) Importer(815301076,1909f56bfc062723c751e8b465ee728b)
Start importing Assets/NewAudioMixer.mixer using Guid(437d6a1c27a98ba48bfd4168d71b1acf) Importer(815301076,1909f56bfc062723c751e8b465ee728b)  -> (artifact id: '4754635ed83733e1db70e801558df5bd') in 0.004063 seconds 
